# JRE version: OpenJDK Runtime Environment (7.0_121) (build 1.7.0_121-b00)
# Java VM: OpenJDK 64-Bit Server VM (24.121-b00 mixed mode linux-amd64 compressed oops)
Heap
 PSYoungGen      total 68608K, used 5557K [0x00000007d6f00000, 0x00000007df500000, 0x0000000800000000)
  eden space 63488K, 8% used [0x00000007d6f00000,0x00000007d746d4f8,0x00000007dad00000)
  from space 5120K, 0% used [0x00000007dad00000,0x00000007dad00000,0x00000007db200000)
  to   space 5120K, 0% used [0x00000007df000000,0x00000007df000000,0x00000007df500000)
 ParOldGen       total 152064K, used 65756K [0x0000000784e00000, 0x000000078e280000, 0x00000007d6f00000)
  object space 152064K, 43% used [0x0000000784e00000,0x0000000788e371e0,0x000000078e280000)
 PSPermGen       total 21504K, used 2968K [0x000000077a800000, 0x000000077bd00000, 0x0000000784e00000)
  object space 21504K, 13% used [0x000000077a800000,0x000000077aae6060,0x000000077bd00000)
GC Heap History (8 events):
Event: 0.153 GC heap before
{Heap before GC invocations=1 (full 0):
 PSYoungGen      total 36864K, used 31744K [0x00000007d6f00000, 0x00000007d9800000, 0x0000000800000000)
  eden space 31744K, 100% used [0x00000007d6f00000,0x00000007d8e00000,0x00000007d8e00000)
  from space 5120K, 0% used [0x00000007d9300000,0x00000007d9300000,0x00000007d9800000)
  to   space 5120K, 0% used [0x00000007d8e00000,0x00000007d8e00000,0x00000007d9300000)
 ParOldGen       total 83968K, used 0K [0x0000000784e00000, 0x000000078a000000, 0x00000007d6f00000)
  object space 83968K, 0% used [0x0000000784e00000,0x0000000784e00000,0x000000078a000000)
 PSPermGen       total 21504K, used 2968K [0x000000077a800000, 0x000000077bd00000, 0x0000000784e00000)
  object space 21504K, 13% used [0x000000077a800000,0x000000077aae6250,0x000000077bd00000)
Event: 0.183 GC heap after
Heap after GC invocations=1 (full 0):
 PSYoungGen      total 36864K, used 5118K [0x00000007d6f00000, 0x00000007db700000, 0x0000000800000000)
  eden space 31744K, 0% used [0x00000007d6f00000,0x00000007d6f00000,0x00000007d8e00000)
  from space 5120K, 99% used [0x00000007d8e00000,0x00000007d92ffb58,0x00000007d9300000)
  to   space 5120K, 0% used [0x00000007db200000,0x00000007db200000,0x00000007db700000)
 ParOldGen       total 83968K, used 11376K [0x0000000784e00000, 0x000000078a000000, 0x00000007d6f00000)
  object space 83968K, 13% used [0x0000000784e00000,0x000000078591c000,0x000000078a000000)
 PSPermGen       total 21504K, used 2968K [0x000000077a800000, 0x000000077bd00000, 0x0000000784e00000)
  object space 21504K, 13% used [0x000000077a800000,0x000000077aae6250,0x000000077bd00000)
}
Event: 0.197 GC heap before
{Heap before GC invocations=2 (full 0):
 PSYoungGen      total 36864K, used 36862K [0x00000007d6f00000, 0x00000007db700000, 0x0000000800000000)
  eden space 31744K, 100% used [0x00000007d6f00000,0x00000007d8e00000,0x00000007d8e00000)
  from space 5120K, 99% used [0x00000007d8e00000,0x00000007d92ffb58,0x00000007d9300000)
  to   space 5120K, 0% used [0x00000007db200000,0x00000007db200000,0x00000007db700000)
 ParOldGen       total 83968K, used 11376K [0x0000000784e00000, 0x000000078a000000, 0x00000007d6f00000)
  object space 83968K, 13% used [0x0000000784e00000,0x000000078591c000,0x000000078a000000)
 PSPermGen       total 21504K, used 2968K [0x000000077a800000, 0x000000077bd00000, 0x0000000784e00000)
  object space 21504K, 13% used [0x000000077a800000,0x000000077aae6250,0x000000077bd00000)
Event: 0.221 GC heap after
Heap after GC invocations=2 (full 0):
 PSYoungGen      total 68608K, used 5101K [0x00000007d6f00000, 0x00000007db700000, 0x0000000800000000)
  eden space 63488K, 0% used [0x00000007d6f00000,0x00000007d6f00000,0x00000007dad00000)
  from space 5120K, 99% used [0x00000007db200000,0x00000007db6fb578,0x00000007db700000)
  to   space 5120K, 0% used [0x00000007dad00000,0x00000007dad00000,0x00000007db200000)
 ParOldGen       total 83968K, used 27888K [0x0000000784e00000, 0x000000078a000000, 0x00000007d6f00000)
  object space 83968K, 33% used [0x0000000784e00000,0x000000078693c000,0x000000078a000000)
 PSPermGen       total 21504K, used 2968K [0x000000077a800000, 0x000000077bd00000, 0x0000000784e00000)
  object space 21504K, 13% used [0x000000077a800000,0x000000077aae6250,0x000000077bd00000)
}
Event: 0.257 GC heap before
{Heap before GC invocations=3 (full 0):
 PSYoungGen      total 68608K, used 68589K [0x00000007d6f00000, 0x00000007db700000, 0x0000000800000000)
  eden space 63488K, 100% used [0x00000007d6f00000,0x00000007dad00000,0x00000007dad00000)
  from space 5120K, 99% used [0x00000007db200000,0x00000007db6fb578,0x00000007db700000)
  to   space 5120K, 0% used [0x00000007dad00000,0x00000007dad00000,0x00000007db200000)
 ParOldGen       total 83968K, used 27888K [0x0000000784e00000, 0x000000078a000000, 0x00000007d6f00000)
  object space 83968K, 33% used [0x0000000784e00000,0x000000078693c000,0x000000078a000000)
 PSPermGen       total 21504K, used 2968K [0x000000077a800000, 0x000000077bd00000, 0x0000000784e00000)
  object space 21504K, 13% used [0x000000077a800000,0x000000077aae6250,0x000000077bd00000)
Event: 0.311 GC heap after
Heap after GC invocations=3 (full 0):
 PSYoungGen      total 68608K, used 5120K [0x00000007d6f00000, 0x00000007df500000, 0x0000000800000000)
  eden space 63488K, 0% used [0x00000007d6f00000,0x00000007d6f00000,0x00000007dad00000)
  from space 5120K, 100% used [0x00000007dad00000,0x00000007db200000,0x00000007db200000)
  to   space 5120K, 0% used [0x00000007df000000,0x00000007df000000,0x00000007df500000)
 ParOldGen       total 83968K, used 60922K [0x0000000784e00000, 0x000000078a000000, 0x00000007d6f00000)
  object space 83968K, 72% used [0x0000000784e00000,0x000000078897e808,0x000000078a000000)
 PSPermGen       total 21504K, used 2968K [0x000000077a800000, 0x000000077bd00000, 0x0000000784e00000)
  object space 21504K, 13% used [0x000000077a800000,0x000000077aae6250,0x000000077bd00000)
}
Event: 0.311 GC heap before
{Heap before GC invocations=4 (full 1):
 PSYoungGen      total 68608K, used 5120K [0x00000007d6f00000, 0x00000007df500000, 0x0000000800000000)
  eden space 63488K, 0% used [0x00000007d6f00000,0x00000007d6f00000,0x00000007dad00000)
  from space 5120K, 100% used [0x00000007dad00000,0x00000007db200000,0x00000007db200000)
  to   space 5120K, 0% used [0x00000007df000000,0x00000007df000000,0x00000007df500000)
 ParOldGen       total 83968K, used 60922K [0x0000000784e00000, 0x000000078a000000, 0x00000007d6f00000)
  object space 83968K, 72% used [0x0000000784e00000,0x000000078897e808,0x000000078a000000)
 PSPermGen       total 21504K, used 2968K [0x000000077a800000, 0x000000077bd00000, 0x0000000784e00000)
  object space 21504K, 13% used [0x000000077a800000,0x000000077aae6250,0x000000077bd00000)
Event: 0.747 GC heap after
Heap after GC invocations=4 (full 1):
 PSYoungGen      total 68608K, used 0K [0x00000007d6f00000, 0x00000007df500000, 0x0000000800000000)
  eden space 63488K, 0% used [0x00000007d6f00000,0x00000007d6f00000,0x00000007dad00000)
  from space 5120K, 0% used [0x00000007dad00000,0x00000007dad00000,0x00000007db200000)
  to   space 5120K, 0% used [0x00000007df000000,0x00000007df000000,0x00000007df500000)
 ParOldGen       total 152064K, used 65756K [0x0000000784e00000, 0x000000078e280000, 0x00000007d6f00000)
  object space 152064K, 43% used [0x0000000784e00000,0x0000000788e371e0,0x000000078e280000)
 PSPermGen       total 21504K, used 2967K [0x000000077a800000, 0x000000077bd00000, 0x0000000784e00000)
  object space 21504K, 13% used [0x000000077a800000,0x000000077aae5e98,0x000000077bd00000)
}

